Exporter version: 2.80.1, Blender version: 2.90.0
========= Conversion from Blender to Babylon.js =========
	Scene settings used :
		Inline textures     :  false
		Material Type       :  PBR
		Positions Precision :  4
		Normals Precision   :  3
		UVs Precision       :  3
		Vert Color Precision:  3
		Mat Weight Precision:  2
		Keep Z-up r-handed  :  no
		Texture directory   :  D:\Data\HTTP3DInc\Blender\productdisplay\
	Python World class constructor completed
	processing begun of node:  Product Display
	processing begun of mesh:  DisplayBackgroundcube
		processing begun of material:  TitleDisplayMat
		num positions      :  251
		num normals        :  251
		num tangents       :  0
		num uvs            :  502
		num uvs2           :  0
		num colors         :  0
		num triangles      :  188
	processing begun of mesh:  AddToCart2
		animation processing begun
			processing action AddToCart2OnClick:  in[1 - 15], out[0 - 15]
		processing begun of material:  Button Background
		num positions      :  244
		num normals        :  244
		num tangents       :  0
		num uvs            :  488
		num uvs2           :  0
		num colors         :  0
		num triangles      :  300
		WARNING: # of 0 area faces found:  40
	processing begun of mesh:  AddToCartText2
		processing begun of material:  AddToCart Mat
		num positions      :  716
		num normals        :  716
		num tangents       :  0
		num uvs            :  0
		num uvs2           :  0
		num colors         :  0
		num triangles      :  698
	processing begun of mesh:  DisplayBackground
		processing begun of material:  TitleDisplayMat
		registered as also a user of material:  TitleDisplayMat
		num positions      :  219
		num normals        :  219
		num tangents       :  0
		num uvs            :  438
		num uvs2           :  0
		num colors         :  0
		num triangles      :  188
	processing begun of mesh:  ReadMore2
		animation processing begun
			processing action ReadMore2OnClick:  in[1 - 15], out[0 - 15]
		processing begun of material:  Button Background
		registered as also a user of material:  Button Background
		num positions      :  244
		num normals        :  244
		num tangents       :  0
		num uvs            :  488
		num uvs2           :  0
		num colors         :  0
		num triangles      :  300
		WARNING: # of 0 area faces found:  40
	processing begun of mesh:  ReadMoreText2
		processing begun of material:  ReadMore Mat
		num positions      :  710
		num normals        :  710
		num tangents       :  0
		num uvs            :  0
		num uvs2           :  0
		num colors         :  0
		num triangles      :  706
	processing begun of mesh:  AddToCart1
		animation processing begun
			processing action AddToCart1OnClick:  in[1 - 15], out[0 - 15]
		processing begun of material:  Button Background
		registered as also a user of material:  Button Background
		num positions      :  244
		num normals        :  244
		num tangents       :  0
		num uvs            :  488
		num uvs2           :  0
		num colors         :  0
		num triangles      :  300
		WARNING: # of 0 area faces found:  40
	processing begun of mesh:  AddToCartText1
		processing begun of material:  AddToCart Mat
		registered as also a user of material:  AddToCart Mat
		num positions      :  716
		num normals        :  716
		num tangents       :  0
		num uvs            :  0
		num uvs2           :  0
		num colors         :  0
		num triangles      :  698
	processing begun of mesh:  ReadMore1
		animation processing begun
			processing action ReadMore1OnClick:  in[1 - 15], out[0 - 15]
		processing begun of material:  Button Background
		registered as also a user of material:  Button Background
		num positions      :  244
		num normals        :  244
		num tangents       :  0
		num uvs            :  488
		num uvs2           :  0
		num colors         :  0
		num triangles      :  300
		WARNING: # of 0 area faces found:  40
	processing begun of mesh:  ReadMoreText1
		processing begun of material:  ReadMore Mat
		registered as also a user of material:  ReadMore Mat
		num positions      :  713
		num normals        :  713
		num tangents       :  0
		num uvs            :  0
		num uvs2           :  0
		num colors         :  0
		num triangles      :  706
	processing begun of mesh:  ImageFrame
		processing begun of material:  FrameMat
		num positions      :  2090
		num normals        :  2090
		num tangents       :  0
		num uvs            :  4180
		num uvs2           :  0
		num colors         :  0
		num triangles      :  2156
		WARNING: # of 0 area faces found:  80
	processing begun of camera (UniversalCamera):  Camera
	processing begun of light (POINT):  Lamp
========= Writing of JSON file started =========
	writing mesh:  DisplayBackgroundcube
	writing mesh:  AddToCart2
	writing mesh:  AddToCartText2
	writing mesh:  DisplayBackground
	writing mesh:  ReadMore2
	writing mesh:  ReadMoreText2
	writing mesh:  AddToCart1
	writing mesh:  AddToCartText1
	writing mesh:  ReadMore1
	writing mesh:  ReadMoreText1
	writing mesh:  ImageFrame
========= Writing of JSON file completed =========
========= end of processing =========
elapsed time:  0 min, 1.2143 secs
