Exporter version: 6.3.1, Blender version: 2.82 (sub 7)
========= Conversion from Blender to Babylon.js =========
	Scene settings used :
		Inline textures     :  false
		Material Type       :  PBR
		Positions Precision :  4
		Normals Precision   :  3
		UVs Precision       :  3
		Vert Color Precision:  3
		Mat Weight Precision:  2
		Keep Z-up r-handed  :  no
		Texture directory   :  D:\Data\HTTP3DInc\Blender\productdisplay\
	Python World class constructor completed
	processing begun of mesh:  case
		processing begun of material:  gray
		processing begun of material:  black
		processing begun of multimaterial:  searchbox.Multimaterial#0
		num positions      :  87
		num normals        :  87
		num tangents       :  0
		num uvs            :  174
		num uvs2           :  0
		num colors         :  0
		num indices        :  123
	processing begun of camera (UniversalCamera):  Camera
	processing begun of mesh:  productsearchtext
		processing begun of material:  black
		registered as also a user of material:  black
		num positions      :  4619
		num normals        :  4619
		num tangents       :  0
		num uvs            :  9238
		num uvs2           :  0
		num colors         :  0
		num indices        :  13608
	processing begun of mesh:  searchbuttontext
		animation processing begun
			processing action searchbuttontextAction:  in[1 - 35], out[0 - 35]
		processing begun of material:  black
		registered as also a user of material:  black
		num positions      :  2662
		num normals        :  2662
		num tangents       :  0
		num uvs            :  5324
		num uvs2           :  0
		num colors         :  0
		num indices        :  7887
	processing begun of mesh:  searchtext
		processing begun of material:  white
		num positions      :  4
		num normals        :  4
		num tangents       :  0
		num uvs            :  8
		num uvs2           :  0
		num colors         :  0
		num indices        :  6
	processing begun of mesh:  searchbutton
		animation processing begun
			processing action searchbuttonAction:  in[1 - 35], out[0 - 35]
		processing begun of material:  white
		registered as also a user of material:  white
		num positions      :  25
		num normals        :  25
		num tangents       :  0
		num uvs            :  50
		num uvs2           :  0
		num colors         :  0
		num indices        :  30
	processing begun of mesh:  rim
		processing begun of material:  white
		processing begun of material:  casemat
		processing begun of multimaterial:  searchbox.Multimaterial#1
		num positions      :  167
		num normals        :  167
		num tangents       :  0
		num uvs            :  334
		num uvs2           :  0
		num colors         :  0
		num indices        :  321
	processing begun of light (DIRECTIONAL):  Light
========= Writing of JSON file started =========
	writing mesh:  case
	writing mesh:  productsearchtext
	writing mesh:  searchbuttontext
	writing mesh:  searchtext
	writing mesh:  searchbutton
	writing mesh:  rim
========= Writing of JSON file completed =========
========= end of processing =========
elapsed time:  0 min, 0.5192 secs
