Exporter version: 5.6.4, Blender version: 2.79 (sub 0)
========= Conversion from Blender to Babylon.js =========
	Scene settings used :
		export scope        :  ALL
		inline textures     :  false
		Positions Precision :  4
		Normals Precision   :  3
		UVs Precision       :  3
		Vert Color Precision:  3
		Mat Weight Precision:  2
		texture directory   :  C:\Data\TFS\HTTP3D\secureinternal\HTTP3DInc\Blender\xbot\
	Python World class constructor completed
	processing begun of skeleton:  Armature, id:  0
		processing begun of bone:  mixamorig:Hips, index:  0
		processing begun of bone:  mixamorig:Spine, index:  1
		processing begun of bone:  mixamorig:Spine1, index:  2
		processing begun of bone:  mixamorig:Spine2, index:  3
		processing begun of bone:  mixamorig:Neck, index:  4
		processing begun of bone:  mixamorig:Head, index:  5
		processing begun of bone:  mixamorig:HeadTop_End, index:  6
		processing begun of bone:  mixamorig:LeftEye, index:  7
		processing begun of bone:  mixamorig:RightEye, index:  8
		processing begun of bone:  mixamorig:LeftShoulder, index:  9
		processing begun of bone:  mixamorig:LeftArm, index:  10
		processing begun of bone:  mixamorig:LeftForeArm, index:  11
		processing begun of bone:  mixamorig:LeftHand, index:  12
		processing begun of bone:  mixamorig:LeftHandThumb1, index:  13
		processing begun of bone:  mixamorig:LeftHandThumb2, index:  14
		processing begun of bone:  mixamorig:LeftHandThumb3, index:  15
		processing begun of bone:  mixamorig:LeftHandThumb4, index:  16
		processing begun of bone:  mixamorig:LeftHandIndex1, index:  17
		processing begun of bone:  mixamorig:LeftHandIndex2, index:  18
		processing begun of bone:  mixamorig:LeftHandIndex3, index:  19
		processing begun of bone:  mixamorig:LeftHandIndex4, index:  20
		processing begun of bone:  mixamorig:LeftHandMiddle1, index:  21
		processing begun of bone:  mixamorig:LeftHandMiddle2, index:  22
		processing begun of bone:  mixamorig:LeftHandMiddle3, index:  23
		processing begun of bone:  mixamorig:LeftHandMiddle4, index:  24
		processing begun of bone:  mixamorig:LeftHandRing1, index:  25
		processing begun of bone:  mixamorig:LeftHandRing2, index:  26
		processing begun of bone:  mixamorig:LeftHandRing3, index:  27
		processing begun of bone:  mixamorig:LeftHandRing4, index:  28
		processing begun of bone:  mixamorig:LeftHandPinky1, index:  29
		processing begun of bone:  mixamorig:LeftHandPinky2, index:  30
		processing begun of bone:  mixamorig:LeftHandPinky3, index:  31
		processing begun of bone:  mixamorig:LeftHandPinky4, index:  32
		processing begun of bone:  mixamorig:RightShoulder, index:  33
		processing begun of bone:  mixamorig:RightArm, index:  34
		processing begun of bone:  mixamorig:RightForeArm, index:  35
		processing begun of bone:  mixamorig:RightHand, index:  36
		processing begun of bone:  mixamorig:RightHandPinky1, index:  37
		processing begun of bone:  mixamorig:RightHandPinky2, index:  38
		processing begun of bone:  mixamorig:RightHandPinky3, index:  39
		processing begun of bone:  mixamorig:RightHandPinky4, index:  40
		processing begun of bone:  mixamorig:RightHandRing1, index:  41
		processing begun of bone:  mixamorig:RightHandRing2, index:  42
		processing begun of bone:  mixamorig:RightHandRing3, index:  43
		processing begun of bone:  mixamorig:RightHandRing4, index:  44
		processing begun of bone:  mixamorig:RightHandMiddle1, index:  45
		processing begun of bone:  mixamorig:RightHandMiddle2, index:  46
		processing begun of bone:  mixamorig:RightHandMiddle3, index:  47
		processing begun of bone:  mixamorig:RightHandMiddle4, index:  48
		processing begun of bone:  mixamorig:RightHandIndex1, index:  49
		processing begun of bone:  mixamorig:RightHandIndex2, index:  50
		processing begun of bone:  mixamorig:RightHandIndex3, index:  51
		processing begun of bone:  mixamorig:RightHandIndex4, index:  52
		processing begun of bone:  mixamorig:RightHandThumb1, index:  53
		processing begun of bone:  mixamorig:RightHandThumb2, index:  54
		processing begun of bone:  mixamorig:RightHandThumb3, index:  55
		processing begun of bone:  mixamorig:RightHandThumb4, index:  56
		processing begun of bone:  mixamorig:LeftUpLeg, index:  57
		processing begun of bone:  mixamorig:LeftLeg, index:  58
		processing begun of bone:  mixamorig:LeftFoot, index:  59
		processing begun of bone:  mixamorig:LeftToeBase, index:  60
		processing begun of bone:  mixamorig:LeftToe_End, index:  61
		processing begun of bone:  mixamorig:RightUpLeg, index:  62
		processing begun of bone:  mixamorig:RightLeg, index:  63
		processing begun of bone:  mixamorig:RightFoot, index:  64
		processing begun of bone:  mixamorig:RightToeBase, index:  65
		processing begun of bone:  mixamorig:RightToe_End, index:  66
		processing action Armature|mixamo.com|Layer0:  in[1 - 29], out[0 - 29]
	processing begun of mesh:  Beta_Surface
		processing begun of Standard material:  asdf1:Beta_HighLimbsGeoSG2
		num positions      :  18745
		num normals        :  18745
		num uvs            :  37490
		num uvs2           :  0
		num colors         :  0
		num indices        :  84816
		Skeleton stats:  
			Total Influencers:  20879
			Avg # of influencers per vertex:  1.1138
			Highest # of influencers observed:  4, num vertices with this:  216
			exported as 4 influencers
			num skeletonWeights and skeletonIndices:  74980
	processing begun of mesh:  Beta_Joints
		processing begun of Standard material:  Beta_Joints_MAT
		num positions      :  13649
		num normals        :  13649
		num uvs            :  27298
		num uvs2           :  0
		num colors         :  0
		num indices        :  62520
		Skeleton stats:  
			Total Influencers:  13811
			Avg # of influencers per vertex:  1.0119
			Highest # of influencers observed:  4, num vertices with this:  54
			exported as 4 influencers
			num skeletonWeights and skeletonIndices:  54596
	processing begun of camera (UniversalCamera):  Camera
	processing begun of light (POINT):  Lamp
========= Writing of scene file started =========
========= Writing of scene file completed =========
========= end of processing =========
elapsed time:  0 min, 18.9344 secs
