Exporter version: 6.3.1, Blender version: 2.82 (sub 7)
========= Conversion from Blender to Babylon.js =========
	Scene settings used :
		Inline textures     :  false
		Material Type       :  PBR
		Positions Precision :  4
		Normals Precision   :  3
		UVs Precision       :  3
		Vert Color Precision:  3
		Mat Weight Precision:  2
		Keep Z-up r-handed  :  no
		Texture directory   :  D:\Data\HTTP3DInc\Blender\avatars\shae\
	Python World class constructor completed
	processing begun of skeleton:  Armature, id:  0
		processing begun of bone:  mixamorig:Hips, index:  0
		processing begun of bone:  mixamorig:Spine, index:  1
		processing begun of bone:  mixamorig:Spine1, index:  2
		processing begun of bone:  mixamorig:Spine2, index:  3
		processing begun of bone:  mixamorig:Neck, index:  4
		processing begun of bone:  mixamorig:Head, index:  5
		processing begun of bone:  mixamorig:HeadTop_End, index:  6
		processing begun of bone:  mixamorig:RightEye, index:  7
		processing begun of bone:  mixamorig:LeftEye, index:  8
		processing begun of bone:  mixamorig:LeftShoulder, index:  9
		processing begun of bone:  mixamorig:LeftArm, index:  10
		processing begun of bone:  mixamorig:LeftForeArm, index:  11
		processing begun of bone:  mixamorig:LeftHand, index:  12
		processing begun of bone:  mixamorig:LeftHandMiddle1, index:  13
		processing begun of bone:  mixamorig:LeftHandMiddle2, index:  14
		processing begun of bone:  mixamorig:LeftHandMiddle3, index:  15
		processing begun of bone:  mixamorig:LeftHandMiddle4, index:  16
		processing begun of bone:  mixamorig:LeftHandThumb1, index:  17
		processing begun of bone:  mixamorig:LeftHandThumb2, index:  18
		processing begun of bone:  mixamorig:LeftHandThumb3, index:  19
		processing begun of bone:  mixamorig:LeftHandThumb4, index:  20
		processing begun of bone:  mixamorig:LeftHandIndex1, index:  21
		processing begun of bone:  mixamorig:LeftHandIndex2, index:  22
		processing begun of bone:  mixamorig:LeftHandIndex3, index:  23
		processing begun of bone:  mixamorig:LeftHandIndex4, index:  24
		processing begun of bone:  mixamorig:LeftHandRing1, index:  25
		processing begun of bone:  mixamorig:LeftHandRing2, index:  26
		processing begun of bone:  mixamorig:LeftHandRing3, index:  27
		processing begun of bone:  mixamorig:LeftHandRing4, index:  28
		processing begun of bone:  mixamorig:LeftHandPinky1, index:  29
		processing begun of bone:  mixamorig:LeftHandPinky2, index:  30
		processing begun of bone:  mixamorig:LeftHandPinky3, index:  31
		processing begun of bone:  mixamorig:LeftHandPinky4, index:  32
		processing begun of bone:  mixamorig:RightShoulder, index:  33
		processing begun of bone:  mixamorig:RightArm, index:  34
		processing begun of bone:  mixamorig:RightForeArm, index:  35
		processing begun of bone:  mixamorig:RightHand, index:  36
		processing begun of bone:  mixamorig:RightHandMiddle1, index:  37
		processing begun of bone:  mixamorig:RightHandMiddle2, index:  38
		processing begun of bone:  mixamorig:RightHandMiddle3, index:  39
		processing begun of bone:  mixamorig:RightHandMiddle4, index:  40
		processing begun of bone:  mixamorig:RightHandThumb1, index:  41
		processing begun of bone:  mixamorig:RightHandThumb2, index:  42
		processing begun of bone:  mixamorig:RightHandThumb3, index:  43
		processing begun of bone:  mixamorig:RightHandThumb4, index:  44
		processing begun of bone:  mixamorig:RightHandIndex1, index:  45
		processing begun of bone:  mixamorig:RightHandIndex2, index:  46
		processing begun of bone:  mixamorig:RightHandIndex3, index:  47
		processing begun of bone:  mixamorig:RightHandIndex4, index:  48
		processing begun of bone:  mixamorig:RightHandRing1, index:  49
		processing begun of bone:  mixamorig:RightHandRing2, index:  50
		processing begun of bone:  mixamorig:RightHandRing3, index:  51
		processing begun of bone:  mixamorig:RightHandRing4, index:  52
		processing begun of bone:  mixamorig:RightHandPinky1, index:  53
		processing begun of bone:  mixamorig:RightHandPinky2, index:  54
		processing begun of bone:  mixamorig:RightHandPinky3, index:  55
		processing begun of bone:  mixamorig:RightHandPinky4, index:  56
		processing begun of bone:  mixamorig:LeftUpLeg, index:  57
		processing begun of bone:  mixamorig:LeftLeg, index:  58
		processing begun of bone:  mixamorig:LeftFoot, index:  59
		processing begun of bone:  mixamorig:LeftToeBase, index:  60
		processing begun of bone:  mixamorig:LeftToe_End, index:  61
		processing begun of bone:  mixamorig:RightUpLeg, index:  62
		processing begun of bone:  mixamorig:RightLeg, index:  63
		processing begun of bone:  mixamorig:RightFoot, index:  64
		processing begun of bone:  mixamorig:RightToeBase, index:  65
		processing begun of bone:  mixamorig:RightToe_End, index:  66
		processing action Armature|mixamo.com|Layer0:  in[1 - 303], out[0 - 303]
	processing begun of mesh:  Shoes
		processing begun of material:  Shoesmat
			processing texture Shae_Shoes_Diffuse
				WARNING: Exception during copy:
					'd:\\Data\\HTTP3DInc\\Blender\\avatars\\shae\\Shae_Shoes_Diffuse.png' and 'D:\\Data\\HTTP3DInc\\Blender\\avatars\\shae\\Shae_Shoes_Diffuse.png' are the same file
				texture type:  diffuseTexture, mapped using: "ShoesDiffuseUVLayer"
			processing texture Shae_Shoes_Specular
				WARNING: Exception during copy:
					'd:\\Data\\HTTP3DInc\\Blender\\avatars\\shae\\Shae_Shoes_Specular.png' and 'D:\\Data\\HTTP3DInc\\Blender\\avatars\\shae\\Shae_Shoes_Specular.png' are the same file
				texture type:  specularTexture, mapped using: "ShoesDiffuseUVLayer"
			processing texture Shae_Shoes_Normal
				WARNING: Exception during copy:
					'd:\\Data\\HTTP3DInc\\Blender\\avatars\\shae\\Shae_Shoes_Normal.png' and 'D:\\Data\\HTTP3DInc\\Blender\\avatars\\shae\\Shae_Shoes_Normal.png' are the same file
				texture type:  bumpTexture, mapped using: "ShoesDiffuseUVLayer"
		Custom split normals with tangents being used
		num positions      :  2799
		num normals        :  2799
		num tangents       :  11196
		num uvs            :  5598
		num uvs2           :  0
		num colors         :  0
		num indices        :  7950
		Skeleton stats:  
			Total Influencers:  10084
			Avg # of influencers per vertex:  3.6027
			Highest # of influencers observed:  5, num vertices with this:  246
			exported as 5 influencers
			num skeletonWeights and skeletonIndices:  22392
	processing begun of mesh:  Eyelashes
		processing begun of material:  Eyelashesmat
			processing texture Shae_Body_Diffuse
				WARNING: Exception during copy:
					'd:\\Data\\HTTP3DInc\\Blender\\avatars\\shae\\Shae_Body_Diffuse.png' and 'D:\\Data\\HTTP3DInc\\Blender\\avatars\\shae\\Shae_Body_Diffuse.png' are the same file
				texture type:  diffuseTexture, mapped using: "defaultDiffuseUVLayer"
			processing texture Shae_Body_Specular
				WARNING: Exception during copy:
					'd:\\Data\\HTTP3DInc\\Blender\\avatars\\shae\\Shae_Body_Specular.png' and 'D:\\Data\\HTTP3DInc\\Blender\\avatars\\shae\\Shae_Body_Specular.png' are the same file
				texture type:  specularTexture, mapped using: "defaultDiffuseUVLayer"
			processing texture Shae_Body_Normal
				WARNING: Exception during copy:
					'd:\\Data\\HTTP3DInc\\Blender\\avatars\\shae\\Shae_Body_Normal.png' and 'D:\\Data\\HTTP3DInc\\Blender\\avatars\\shae\\Shae_Body_Normal.png' are the same file
				texture type:  bumpTexture, mapped using: "defaultDiffuseUVLayer"
		Custom split normals with tangents being used
		num positions      :  50
		num normals        :  50
		num tangents       :  200
		num uvs            :  100
		num uvs2           :  0
		num colors         :  0
		num indices        :  126
		Skeleton stats:  
			Total Influencers:  50
			Avg # of influencers per vertex:  1
			Highest # of influencers observed:  1, num vertices with this:  50
			exported as 1 influencers
			num skeletonWeights and skeletonIndices:  200
		Shape Keys:
	processing begun of mesh:  Bottoms
		processing begun of material:  Bottommat
			processing texture Shae_Bottom_Diffuse
				WARNING: Exception during copy:
					'd:\\Data\\HTTP3DInc\\Blender\\avatars\\shae\\Shae_Bottom_Diffuse.png' and 'D:\\Data\\HTTP3DInc\\Blender\\avatars\\shae\\Shae_Bottom_Diffuse.png' are the same file
				texture type:  diffuseTexture, mapped using: "BottomsDiffuseUVLayer"
			processing texture Shae_Bottom_Specular
				WARNING: Exception during copy:
					'd:\\Data\\HTTP3DInc\\Blender\\avatars\\shae\\Shae_Bottom_Specular.png' and 'D:\\Data\\HTTP3DInc\\Blender\\avatars\\shae\\Shae_Bottom_Specular.png' are the same file
				texture type:  specularTexture, mapped using: "BottomsDiffuseUVLayer"
			processing texture Shae_Bottom_Normal
				WARNING: Exception during copy:
					'd:\\Data\\HTTP3DInc\\Blender\\avatars\\shae\\Shae_Bottom_Normal.png' and 'D:\\Data\\HTTP3DInc\\Blender\\avatars\\shae\\Shae_Bottom_Normal.png' are the same file
				texture type:  bumpTexture, mapped using: "BottomsDiffuseUVLayer"
		Custom split normals with tangents being used
		num positions      :  1188
		num normals        :  1188
		num tangents       :  4752
		num uvs            :  2376
		num uvs2           :  0
		num colors         :  0
		num indices        :  4812
		Skeleton stats:  
			Total Influencers:  6566
			Avg # of influencers per vertex:  5.5269
			Highest # of influencers observed:  8, num vertices with this:  33
			exported as 8 influencers
			num skeletonWeights and skeletonIndices:  9504
	processing begun of mesh:  Body
		processing begun of material:  Bodymat
			processing texture Shae_Body_Diffuse
				WARNING: Exception during copy:
					'd:\\Data\\HTTP3DInc\\Blender\\avatars\\shae\\Shae_Body_Diffuse.png' and 'D:\\Data\\HTTP3DInc\\Blender\\avatars\\shae\\Shae_Body_Diffuse.png' are the same file
				texture type:  diffuseTexture, mapped using: "BodyDiffuseUVLayer"
			processing texture Shae_Body_Specular
				WARNING: Exception during copy:
					'd:\\Data\\HTTP3DInc\\Blender\\avatars\\shae\\Shae_Body_Specular.png' and 'D:\\Data\\HTTP3DInc\\Blender\\avatars\\shae\\Shae_Body_Specular.png' are the same file
				texture type:  specularTexture, mapped using: "BodyDiffuseUVLayer"
			processing texture Shae_Body_Normal
				WARNING: Exception during copy:
					'd:\\Data\\HTTP3DInc\\Blender\\avatars\\shae\\Shae_Body_Normal.png' and 'D:\\Data\\HTTP3DInc\\Blender\\avatars\\shae\\Shae_Body_Normal.png' are the same file
				texture type:  bumpTexture, mapped using: "BodyDiffuseUVLayer"
		Custom split normals with tangents being used
		num positions      :  3716
		num normals        :  3716
		num tangents       :  14864
		num uvs            :  7432
		num uvs2           :  0
		num colors         :  0
		num indices        :  14541
		Skeleton stats:  
			WARNING: Maximum # of influencers exceeded for 16 vertices, extras ignored
			Total Influencers:  8640
			Avg # of influencers per vertex:  2.3251
			Highest # of influencers observed:  9, num vertices with this:  16
			exported as 8 influencers
			num skeletonWeights and skeletonIndices:  29728
		Shape Keys:
	processing begun of mesh:  Hair
		processing begun of material:  Hairmat
			processing texture Shae_Hair_Diffuse
				WARNING: Exception during copy:
					'd:\\Data\\HTTP3DInc\\Blender\\avatars\\shae\\Shae_Hair_Diffuse.png' and 'D:\\Data\\HTTP3DInc\\Blender\\avatars\\shae\\Shae_Hair_Diffuse.png' are the same file
				texture type:  diffuseTexture, mapped using: "HairDiffuseUVLayer"
			processing texture Shae_Hair_Specular
				WARNING: Exception during copy:
					'd:\\Data\\HTTP3DInc\\Blender\\avatars\\shae\\Shae_Hair_Specular.png' and 'D:\\Data\\HTTP3DInc\\Blender\\avatars\\shae\\Shae_Hair_Specular.png' are the same file
				texture type:  specularTexture, mapped using: "HairDiffuseUVLayer"
			processing texture Shae_Hair_Normal
				WARNING: Exception during copy:
					'd:\\Data\\HTTP3DInc\\Blender\\avatars\\shae\\Shae_Hair_Normal.png' and 'D:\\Data\\HTTP3DInc\\Blender\\avatars\\shae\\Shae_Hair_Normal.png' are the same file
				texture type:  bumpTexture, mapped using: "HairDiffuseUVLayer"
		Custom split normals with tangents being used
		num positions      :  1908
		num normals        :  1908
		num tangents       :  7632
		num uvs            :  3816
		num uvs2           :  0
		num colors         :  0
		num indices        :  5550
		Skeleton stats:  
			Total Influencers:  3189
			Avg # of influencers per vertex:  1.6714
			Highest # of influencers observed:  3, num vertices with this:  439
			exported as 3 influencers
			num skeletonWeights and skeletonIndices:  7632
	processing begun of mesh:  Eyes
		processing begun of material:  Eyesmat
			processing texture Shae_Body_Diffuse
				WARNING: Exception during copy:
					'd:\\Data\\HTTP3DInc\\Blender\\avatars\\shae\\Shae_Body_Diffuse.png' and 'D:\\Data\\HTTP3DInc\\Blender\\avatars\\shae\\Shae_Body_Diffuse.png' are the same file
				texture type:  diffuseTexture, mapped using: "EyesDiffuseUVLayer"
			processing texture Shae_Body_Specular
				WARNING: Exception during copy:
					'd:\\Data\\HTTP3DInc\\Blender\\avatars\\shae\\Shae_Body_Specular.png' and 'D:\\Data\\HTTP3DInc\\Blender\\avatars\\shae\\Shae_Body_Specular.png' are the same file
				texture type:  specularTexture, mapped using: "EyesDiffuseUVLayer"
			processing texture Shae_Body_Normal
				WARNING: Exception during copy:
					'd:\\Data\\HTTP3DInc\\Blender\\avatars\\shae\\Shae_Body_Normal.png' and 'D:\\Data\\HTTP3DInc\\Blender\\avatars\\shae\\Shae_Body_Normal.png' are the same file
				texture type:  bumpTexture, mapped using: "EyesDiffuseUVLayer"
		Custom split normals with tangents being used
		num positions      :  426
		num normals        :  426
		num tangents       :  1704
		num uvs            :  852
		num uvs2           :  0
		num colors         :  0
		num indices        :  1824
		Skeleton stats:  
			Total Influencers:  426
			Avg # of influencers per vertex:  1
			Highest # of influencers observed:  1, num vertices with this:  426
			exported as 1 influencers
			num skeletonWeights and skeletonIndices:  1704
		Shape Keys:
	processing begun of mesh:  Tops
		processing begun of material:  Topmat
			processing texture Shae_Top_Diffuse
				WARNING: Exception during copy:
					'd:\\Data\\HTTP3DInc\\Blender\\avatars\\shae\\Shae_Top_Diffuse.png' and 'D:\\Data\\HTTP3DInc\\Blender\\avatars\\shae\\Shae_Top_Diffuse.png' are the same file
				texture type:  diffuseTexture, mapped using: "TopsDiffuseUVLayer"
			processing texture Shae_Top_Specular
				WARNING: Exception during copy:
					'd:\\Data\\HTTP3DInc\\Blender\\avatars\\shae\\Shae_Top_Specular.png' and 'D:\\Data\\HTTP3DInc\\Blender\\avatars\\shae\\Shae_Top_Specular.png' are the same file
				texture type:  specularTexture, mapped using: "TopsDiffuseUVLayer"
			processing texture Shae_Top_Normal
				WARNING: Exception during copy:
					'd:\\Data\\HTTP3DInc\\Blender\\avatars\\shae\\Shae_Top_Normal.png' and 'D:\\Data\\HTTP3DInc\\Blender\\avatars\\shae\\Shae_Top_Normal.png' are the same file
				texture type:  bumpTexture, mapped using: "TopsDiffuseUVLayer"
		Custom split normals with tangents being used
		num positions      :  1492
		num normals        :  1492
		num tangents       :  5968
		num uvs            :  2984
		num uvs2           :  0
		num colors         :  0
		num indices        :  5148
		Skeleton stats:  
			WARNING: Maximum # of influencers exceeded for 225 vertices, extras ignored
			Total Influencers:  10313
			Avg # of influencers per vertex:  6.9122
			Highest # of influencers observed:  12, num vertices with this:  225
			exported as 8 influencers
			num skeletonWeights and skeletonIndices:  11936
	processing begun of camera (UniversalCamera):  Camera
	processing begun of light (DIRECTIONAL):  Lamp
========= Writing of JSON file started =========
	writing mesh:  Shoes
	writing mesh:  Eyelashes
	writing mesh:  Bottoms
	writing mesh:  Body
	writing mesh:  Hair
	writing mesh:  Eyes
	writing mesh:  Tops
========= Writing of JSON file completed =========
========= end of processing =========
elapsed time:  0 min, 29.5682 secs
