Exporter version: 5.6.4, Blender version: 2.79 (sub 0)
========= Conversion from Blender to Babylon.js =========
	Scene settings used :
		export scope        :  ALL
		inline textures     :  false
		Positions Precision :  4
		Normals Precision   :  3
		UVs Precision       :  3
		Vert Color Precision:  3
		Mat Weight Precision:  2
		texture directory   :  C:\Data\TFS\HTTP3D\secureinternal\HTTP3DInc\Blender\computer\
	Python World class constructor completed
	processing begun of mesh:  keyboard
		processing begun of Standard material:  keyboardmat
			Diffuse texture found "KeysTexture.001"
				Image texture found, type:  diffuseTexture, mapped using: "UVMap"
	WARNING: Error encountered processing image file:  , Error:  'C:\\Data\\TFS\\HTTP3D\\secureinternal\\HTTP3DInc\\Blender\\computer\\keyboard.jpg' and 'C:\\Data\\TFS\\HTTP3D\\secureinternal\\HTTP3DInc\\Blender\\computer\\keyboard.jpg' are the same file
		processing begun of Standard material:  keysmat
			Diffuse texture found "KeysTexture"
				Image texture found, type:  diffuseTexture, mapped using: "UVMap"
	WARNING: Error encountered processing image file:  , Error:  'C:\\Data\\TFS\\HTTP3D\\secureinternal\\HTTP3DInc\\Blender\\computer\\keyboard.jpg' and 'C:\\Data\\TFS\\HTTP3D\\secureinternal\\HTTP3DInc\\Blender\\computer\\keyboard.jpg' are the same file
		processing begun of multimaterial:  keyboard.Multimaterial#0
		num positions      :  656
		num normals        :  656
		num uvs            :  1312
		num uvs2           :  0
		num colors         :  0
		num indices        :  3444
	processing begun of camera (UniversalCamera):  Camera
	processing begun of light (POINT):  Lamp
========= Writing of scene file started =========
========= Writing of scene file completed =========
========= end of processing =========
elapsed time:  0 min, 0.1833 secs
