Exporter version: 5.6.4, Blender version: 2.79 (sub 0)
========= Conversion from Blender to Babylon.js =========
	Scene settings used :
		export scope        :  ALL
		inline textures     :  true
		Positions Precision :  4
		Normals Precision   :  3
		UVs Precision       :  3
		Vert Color Precision:  3
		Mat Weight Precision:  2
	Python World class constructor completed
	processing begun of mesh:  Cylinder.003
		processing begun of Standard material:  handle
		num positions      :  16
		num normals        :  16
		num uvs            :  0
		num uvs2           :  0
		num colors         :  0
		num indices        :  84
	processing begun of mesh:  Cylinder.002
		registered as also a user of material:  handle
		num positions      :  16
		num normals        :  16
		num uvs            :  0
		num uvs2           :  0
		num colors         :  0
		num indices        :  84
	processing begun of mesh:  Cylinder.001
		processing begun of Standard material:  Track
		num positions      :  16
		num normals        :  16
		num uvs            :  0
		num uvs2           :  0
		num colors         :  0
		num indices        :  84
	processing begun of mesh:  Cube.003
		processing begun of Standard material:  Darker Metal
		num positions      :  48
		num normals        :  48
		num uvs            :  0
		num uvs2           :  0
		num colors         :  0
		num indices        :  276
	processing begun of mesh:  Cube.002
		registered as also a user of material:  Darker Metal
		num positions      :  48
		num normals        :  48
		num uvs            :  0
		num uvs2           :  0
		num colors         :  0
		num indices        :  276
	processing begun of mesh:  Cube.001
		registered as also a user of material:  Darker Metal
		num positions      :  48
		num normals        :  48
		num uvs            :  0
		num uvs2           :  0
		num colors         :  0
		num indices        :  276
	processing begun of mesh:  Cylinder
		registered as also a user of material:  Darker Metal
		num positions      :  16
		num normals        :  16
		num uvs            :  0
		num uvs2           :  0
		num colors         :  0
		num indices        :  84
	processing begun of mesh:  Cube
		registered as also a user of material:  Track
		num positions      :  176
		num normals        :  176
		num uvs            :  0
		num uvs2           :  0
		num colors         :  0
		num indices        :  1026
	processing begun of camera (UniversalCamera):  Camera
	processing begun of light (POINT):  Lamp
========= Writing of scene file started =========
========= Writing of scene file completed =========
========= end of processing =========
elapsed time:  0 min, 0.1013 secs
